<?xml version="1.0" encoding="UTF-8"?>
<testng-results skipped="0" failed="0" total="1" passed="1">
  <reporter-output>
  </reporter-output>
  <suite name="Suite" duration-ms="48562" started-at="2018-09-26T01:33:59Z" finished-at="2018-09-26T01:34:48Z">
    <groups>
    </groups>
    <test name="Test" duration-ms="48562" started-at="2018-09-26T01:33:59Z" finished-at="2018-09-26T01:34:48Z">
      <class name="testscripts.Control">
        <test-method status="PASS" signature="controlmethod()[pri:0, instance:testscripts.Control@c42916]" name="controlmethod" duration-ms="48546" started-at="2018-09-26T07:03:59Z" finished-at="2018-09-26T07:04:48Z">
          <reporter-output>
          </reporter-output>
        </test-method> <!-- controlmethod -->
      </class> <!-- testscripts.Control -->
    </test> <!-- Test -->
  </suite> <!-- Suite -->
</testng-results>
